-------------------------------------------------------------------------------
Test set: com.gameachievementsapi.GameAchievementsApiApplicationTests
-------------------------------------------------------------------------------
Tests run: 1, Failures: 0, Errors: 1, Skipped: 0, Time elapsed: 12.495 s <<< FAILURE! - in com.gameachievementsapi.GameAchievementsApiApplicationTests
contextLoads  Time elapsed: 0 s  <<< ERROR!
java.lang.IllegalStateException: Failed to load ApplicationContext
Caused by: org.springframework.beans.factory.BeanCreationException: 
Error creating bean with name 'flywayInitializer' defined in class path resource [org/springframework/boot/autoconfigure/flyway/FlywayAutoConfiguration$FlywayConfiguration.class]: Invocation of init method failed; nested exception is org.flywaydb.core.internal.exception.FlywaySqlException: Unable to obtain connection from database: Unknown database 'gameachievements'
------------------------------------------------------------------------------
SQL State  : 42000
Error Code : 1049
Message    : Unknown database 'gameachievements'

Caused by: org.flywaydb.core.internal.exception.FlywaySqlException: 
Unable to obtain connection from database: Unknown database 'gameachievements'
------------------------------------------------------------------------------
SQL State  : 42000
Error Code : 1049
Message    : Unknown database 'gameachievements'

Caused by: java.sql.SQLSyntaxErrorException: Unknown database 'gameachievements'

